The target system is: PICO -  - cortex-m0plus
The host system is: Windows - 10.0.22621 - AMD64
Compiling the C compiler identification source file "CMakeCCompilerId.c" succeeded.
Compiler: C:/Program Files/Raspberry pi/Pico SDK v1.5.0/gcc-arm-none-eabi/bin/arm-none-eabi-gcc.exe 
Build flags: ;-mcpu=cortex-m0plus;-mthumb
Id flags: -c 

The output was:
0


Compilation of the C compiler identification source "CMakeCCompilerId.c" produced "CMakeCCompilerId.o"

The C compiler identification is GNU, found in "//asmtek-nas/disk1/170918/2ndNAS/project_pico/asm626/CMakeFiles/3.25.2/CompilerIdC/CMakeCCompilerId.o"

Compiling the CXX compiler identification source file "CMakeCXXCompilerId.cpp" succeeded.
Compiler: C:/Program Files/Raspberry pi/Pico SDK v1.5.0/gcc-arm-none-eabi/bin/arm-none-eabi-g++.exe 
Build flags: ;-mcpu=cortex-m0plus;-mthumb
Id flags: -c 

The output was:
0


Compilation of the CXX compiler identification source "CMakeCXXCompilerId.cpp" produced "CMakeCXXCompilerId.o"

The CXX compiler identification is GNU, found in "//asmtek-nas/disk1/170918/2ndNAS/project_pico/asm626/CMakeFiles/3.25.2/CompilerIdCXX/CMakeCXXCompilerId.o"

Compiling the C compiler identification source file "CMakeCCompilerId.c" succeeded.
Compiler: C:/Program Files/Raspberry pi/Pico SDK v1.5.0/gcc-arm-none-eabi/bin/arm-none-eabi-gcc.exe 
Build flags: -mcpu=cortex-m0plus;-mthumb
Id flags: -c 

The output was:
0


Compilation of the C compiler identification source "CMakeCCompilerId.c" produced "CMakeCCompilerId.o"

The C compiler identification is GNU, found in "//asmtek-nas/disk1/170918/2ndNAS/project_pico/asm626/CMakeFiles/3.25.2/CompilerIdC/CMakeCCompilerId.o"

Compiling the CXX compiler identification source file "CMakeCXXCompilerId.cpp" succeeded.
Compiler: C:/Program Files/Raspberry pi/Pico SDK v1.5.0/gcc-arm-none-eabi/bin/arm-none-eabi-g++.exe 
Build flags: ;-mcpu=cortex-m0plus;-mthumb
Id flags: -c 

The output was:
0


Compilation of the CXX compiler identification source "CMakeCXXCompilerId.cpp" produced "CMakeCXXCompilerId.o"

The CXX compiler identification is GNU, found in "//asmtek-nas/disk1/170918/2ndNAS/project_pico/asm626/CMakeFiles/3.25.2/CompilerIdCXX/CMakeCXXCompilerId.o"

Compiling the C compiler identification source file "CMakeCCompilerId.c" succeeded.
Compiler: C:/Program Files/Raspberry pi/Pico SDK v1.5.0/gcc-arm-none-eabi/bin/arm-none-eabi-gcc.exe 
Build flags: -mcpu=cortex-m0plus;-mthumb
Id flags: -c 

The output was:
0


Compilation of the C compiler identification source "CMakeCCompilerId.c" produced "CMakeCCompilerId.o"

The C compiler identification is GNU, found in "//ASMTEK-NAS/disk1/170918/2ndNAS/project_pico/asm626/CMakeFiles/3.25.2/CompilerIdC/CMakeCCompilerId.o"

Compiling the CXX compiler identification source file "CMakeCXXCompilerId.cpp" succeeded.
Compiler: C:/Program Files/Raspberry pi/Pico SDK v1.5.0/gcc-arm-none-eabi/bin/arm-none-eabi-g++.exe 
Build flags: ;-mcpu=cortex-m0plus;-mthumb
Id flags: -c 

The output was:
0


Compilation of the CXX compiler identification source "CMakeCXXCompilerId.cpp" produced "CMakeCXXCompilerId.o"

The CXX compiler identification is GNU, found in "//ASMTEK-NAS/disk1/170918/2ndNAS/project_pico/asm626/CMakeFiles/3.25.2/CompilerIdCXX/CMakeCXXCompilerId.o"

